<?xml version="1.0" encoding="UTF-8"?>
<testsuite name="ru.stqa.course.addressbook.tests.GroupDeletionTests" tests="1" skipped="1" failures="0" errors="0" timestamp="2019-02-03T20:39:19" hostname="DESKTOP-DSN6I2U" time="0.001">
  <properties/>
  <testcase name="testGroupDeletion" classname="ru.stqa.course.addressbook.tests.GroupDeletionTests" time="0.001">
    <skipped/>
  </testcase>
  <system-out><![CDATA[]]></system-out>
  <system-err><![CDATA[]]></system-err>
</testsuite>
