<?xml version="1.0" encoding="UTF-8"?>
<testsuite name="ru.stqa.course.addressbook.tests.ContactDeletionTests" tests="1" skipped="0" failures="0" errors="0" timestamp="2019-02-03T20:42:15" hostname="DESKTOP-DSN6I2U" time="27.215">
  <properties/>
  <testcase name="testContactDeletion" classname="ru.stqa.course.addressbook.tests.ContactDeletionTests" time="27.215"/>
  <system-out><![CDATA[23:42:15.310 [Test worker] DEBUG org.hibernate.engine.transaction.internal.TransactionImpl - On TransactionImpl creation, JpaCompliance#isJpaTransactionComplianceEnabled == false
23:42:15.310 [Test worker] DEBUG org.hibernate.engine.transaction.internal.TransactionImpl - begin
23:42:15.311 [Test worker] DEBUG org.hibernate.SQL - select contactdat0_.id as id1_1_, contactdat0_.address as address2_1_, contactdat0_.email as email3_1_, contactdat0_.email2 as email4_1_, contactdat0_.email3 as email5_1_, contactdat0_.home as home6_1_, contactdat0_.lastname as lastname7_1_, contactdat0_.middlename as middlena8_1_, contactdat0_.firstname as firstnam9_1_, contactdat0_.nickname as nicknam10_1_, contactdat0_.mobile as mobile11_1_, contactdat0_.photo as photo12_1_, contactdat0_.work as work13_1_ from addressbook contactdat0_ where deprecated=0-0-0
Hibernate: select contactdat0_.id as id1_1_, contactdat0_.address as address2_1_, contactdat0_.email as email3_1_, contactdat0_.email2 as email4_1_, contactdat0_.email3 as email5_1_, contactdat0_.home as home6_1_, contactdat0_.lastname as lastname7_1_, contactdat0_.middlename as middlena8_1_, contactdat0_.firstname as firstnam9_1_, contactdat0_.nickname as nicknam10_1_, contactdat0_.mobile as mobile11_1_, contactdat0_.photo as photo12_1_, contactdat0_.work as work13_1_ from addressbook contactdat0_ where deprecated=0-0-0
23:42:15.314 [Test worker] DEBUG org.hibernate.loader.Loader - Result set row: 0
23:42:15.314 [Test worker] DEBUG org.hibernate.loader.Loader - Result row: EntityKey[ru.stqa.course.addressbook.model.ContactData#79]
23:42:15.315 [Test worker] DEBUG org.hibernate.engine.internal.TwoPhaseLoad - Resolving associations for [ru.stqa.course.addressbook.model.ContactData#79]
23:42:15.315 [Test worker] DEBUG org.hibernate.engine.internal.TwoPhaseLoad - Done materializing entity [ru.stqa.course.addressbook.model.ContactData#79]
23:42:15.315 [Test worker] DEBUG org.hibernate.loader.collection.plan.AbstractLoadPlanBasedCollectionInitializer - Loading collection: [ru.stqa.course.addressbook.model.ContactData.groups#79]
23:42:15.315 [Test worker] DEBUG org.hibernate.SQL - select groups0_.id as id1_0_0_, groups0_.group_id as group_id2_0_0_, groupdata1_.group_id as group_id1_2_1_, groupdata1_.group_footer as group_fo2_2_1_, groupdata1_.group_header as group_he3_2_1_, groupdata1_.group_name as group_na4_2_1_ from address_in_groups groups0_ inner join group_list groupdata1_ on groups0_.group_id=groupdata1_.group_id where groups0_.id=?
Hibernate: select groups0_.id as id1_0_0_, groups0_.group_id as group_id2_0_0_, groupdata1_.group_id as group_id1_2_1_, groupdata1_.group_footer as group_fo2_2_1_, groupdata1_.group_header as group_he3_2_1_, groupdata1_.group_name as group_na4_2_1_ from address_in_groups groups0_ inner join group_list groupdata1_ on groups0_.group_id=groupdata1_.group_id where groups0_.id=?
23:42:15.317 [Test worker] DEBUG org.hibernate.loader.plan.exec.process.internal.ResultSetProcessorImpl - Preparing collection intializer : [ru.stqa.course.addressbook.model.ContactData.groups#79]
23:42:15.318 [Test worker] DEBUG org.hibernate.engine.loading.internal.CollectionLoadContext - 1 collections were found in result set for role: ru.stqa.course.addressbook.model.ContactData.groups
23:42:15.318 [Test worker] DEBUG org.hibernate.engine.loading.internal.CollectionLoadContext - Collection fully initialized: [ru.stqa.course.addressbook.model.ContactData.groups#79]
23:42:15.318 [Test worker] DEBUG org.hibernate.engine.loading.internal.CollectionLoadContext - 1 collections initialized for role: ru.stqa.course.addressbook.model.ContactData.groups
23:42:15.318 [Test worker] DEBUG org.hibernate.resource.jdbc.internal.ResourceRegistryStandardImpl - HHH000387: ResultSet's statement was not registered
23:42:15.318 [Test worker] DEBUG org.hibernate.loader.collection.plan.AbstractLoadPlanBasedCollectionInitializer - Done loading collection
23:42:15.318 [Test worker] DEBUG org.hibernate.engine.transaction.internal.TransactionImpl - committing
23:42:15.318 [Test worker] DEBUG org.hibernate.event.internal.AbstractFlushingEventListener - Processing flush-time cascades
23:42:15.318 [Test worker] DEBUG org.hibernate.event.internal.AbstractFlushingEventListener - Dirty checking collections
23:42:15.319 [Test worker] DEBUG org.hibernate.engine.internal.Collections - Collection found: [ru.stqa.course.addressbook.model.ContactData.groups#79], was: [ru.stqa.course.addressbook.model.ContactData.groups#79] (initialized)
23:42:15.319 [Test worker] DEBUG org.hibernate.event.internal.AbstractFlushingEventListener - Flushed: 0 insertions, 0 updates, 0 deletions to 1 objects
23:42:15.319 [Test worker] DEBUG org.hibernate.event.internal.AbstractFlushingEventListener - Flushed: 0 (re)creations, 0 updates, 0 removals to 1 collections
23:42:15.319 [Test worker] DEBUG org.hibernate.internal.util.EntityPrinter - Listing entities:
23:42:15.319 [Test worker] DEBUG org.hibernate.internal.util.EntityPrinter - ru.stqa.course.addressbook.model.ContactData{address=address1, homePhone=000000, groups=[], middlename=test2, photo=PHOTO;ENCODING=BASE64;TYPE=JPEG:/9j/4AAQSkZJRgABAQAAAQABAAD//gA7Q1JFQVRPUjogZ2QtanBlZyB2MS4wICh1c2luZyBJSkcgSlBFRyB2OTApLCBxdWFsaXR5ID0gNzUK/9sAQwAIBgYHBgUIBwcHCQkICgwUDQwLCwwZEhMPFB0aHx4dGhwcICQuJyAiLCMcHCg3KSwwMTQ0NB8nOT04MjwuMzQy/9sAQwEJCQkMCwwYDQ0YMiEcITIyMjIyMjIyMjIyMjIyMjIyMjIyMjIyMjIyMjIyMjIyMjIyMjIyMjIyMjIyMjIyMjIy/8AAEQgAXQCWAwEiAAIRAQMRAf/EAB8AAAEFAQEBAQEBAAAAAAAAAAABAgMEBQYHCAkKC//EALUQAAIBAwMCBAMFBQQEAAABfQECAwAEEQUSITFBBhNRYQcicRQygZGhCCNCscEVUtHwJDNicoIJChYXGBkaJSYnKCkqNDU2Nzg5OkNERUZHSElKU1RVVldYWVpjZGVmZ2hpanN0dXZ3eHl6g4SFhoeIiYqSk5SVlpeYmZqio6Slpqeoqaqys7S1tre4ubrCw8TFxsfIycrS09TV1tfY2drh4uPk5ebn6Onq8fLz9PX29/j5+v/EAB8BAAMBAQEBAQEBAQEAAAAAAAABAgMEBQYHCAkKC//EALURAAIBAgQEAwQHBQQEAAECdwABAgMRBAUhMQYSQVEHYXETIjKBCBRCkaGxwQkjM1LwFWJy0QoWJDThJfEXGBkaJicoKSo1Njc4OTpDREVGR0hJSlNUVVZXWFlaY2RlZmdoaWpzdHV2d3h5eoKDhIWGh4iJipKTlJWWl5iZmqKjpKWmp6ipqrKztLW2t7i5usLDxMXGx8jJytLT1NXW19jZ2uLj5OXm5+jp6vLz9PX29/j5+v/aAAwDAQACEQMRAD8A8esr5vtQIPHpWxcy7rVw8m3IyDiubjvUWSPEYyvU+tat8RJDvjdtrrkDHT2rjqU/eTPVwldRwlSl1Zf0vW9Ntkee5SWa+h+WM9nB4yfTFZ7agsUqGNnjVmEuCcgkHjNZJVI4c5zJ0wO1W7KOO4JExZtoyWPQCtHBLU8p6nZLrkUWoPqd9GpuJHHlyKMhU9l9hit3RFizHLdfv/7RLvFJKmH4OMfnjg1wH9owzth0Csq7AOQAMYre1TUFvNJ8P2cFzF5lvA7Nsk5Tc5wD74GfxrJwEjqNZgt7KzF3a20MssuUkCEiVNvBwM9Mn+VZ8ltZazagKI45LdwPNUj5s42sem4dMjqD9av308kPg6LUjJj7TcQo7Lj92GDq2PTnrXCNbXGnETrOzwpKSGT5wD0yT9Klxs9Bs6UxWthO1nf6ZaSoFyHQMoJ7de9XfC8Fs17Kr2qlsAKFIGV/vLnJ/A1Wszf3fht7cs5ij+7uXdkDpnP4Hg1P4TivZbxcwCQqeXESgL+OKSuVHVnfQubWAgjEY5AznisS6lSXU4ExuU5P6E1sX86wJ5OckjHGSM1yGo6i0GVA/fMoAI5xzQ+x1x2NeK5SK9+0JKuMcr6VdTxVFG+2Z87DyCMYFca9zewXcluiqwWLevGccDIJ9jWJLcXFxhpIGLd2HYdqdmPRnpV9r2k3ySzQqq3YhdI8DqT6eh4/lXN6jbfabU2FwpAZf3XljGP8TXOxb0H+rbB53Ctqw1y5s7cw3DLNb9FVwCV9smi5SjbYo+H9BvrG4+1m3JlguFCZjJLBjjOfbOfwr0GW1lupEuvNKyDAIK4GAOnP41kWupW8+yYXbxlD/Ae3pXRW95b3yEFlLAHlOp+oqk7kSuUb5mYrGmQF5wD0opl2lzFjYfl/3efxoqWCPDdf8Najodyn2iyeGCRTJCzEEsmeCcdD9cfSmxyKticOenKn+lemeKoJ/EOgNOkDOEkAXgjGSMleQOmAc5wOwryu7Qwuy4IwdpUjBBHbFGFr+3hd7mFSLptx6FU/NL8oHvmp0lCZUE+W2NwHtUextm7HWrNlps13IASUQ966JNLcVOEZblqHTl1KdILZgZn+6D0b/CtGXwlqVhYrezwOUU4kRfvL712XhHQbLSz9oxvlx1bnFbOv65BBp8nlyRlyMbSa5JYl83LE6PqsUrtnDWmrpeeFX0ZUPmLeRyKzHsQRt/Q1DZ3NnIPs0srBccr2rV+HNtbaprl/NPEh8gJcEdF+UnP6GuOtHe4uGbZnnNdDhfc4nY6n+2JrfRHEV1JIE+QrwDjtisKLX71GC/aJipPKI3X69z+YrRS5RUKvgArg8VSj0uC4uEhhkCH7240o2W6BeR3mga/Db2vn3duw2jIwcmpQtprcSajayJJGjMrDBByGzg++KxHhttMjgAcTLwZVAzmt/wAF6K0GiXh2KY5ZTIjo2cjGMkdu1ZvrY6oPYr6zMukQS6u6bxdgQrCOOeuc1zNr4nN3bMPs0TKpAZVb5jnp9a6PxPZnW103SLW4WOWLLsx6A9j/ADrDi01dAmZ7x7aeSN/MCW6nDMOm5j0APOBmrjy213KlzKWgy+nutO3+ZY7Vz97zM4/CsK4vriRRKIWEeeCMnP41euL251q83TyAJnJweFH9a6CG+0SGzFvGDJs42kcsfpS+HoO7l1OSjuySGjkZfVe9W4tT1C1lSS3lkDZ6LyK6WGxsJ496WwRjyAwpq6NGk/mAEN6IuBS512HyssWetaxeW4aS4K/TiiraW5KBfNxj1FFTcdiS11hnme6knhUtiTKR/KSBj5VxjsMn8a4TW/CusXkM+ss4uJXLTXByF2L1B5PPA/lS6BrkM1taWBaKN0VmlkmAAY5JHJPzHH06Cuu1HXYtQW403UTcW7XMCIropUOnAwNufTOOh7nPFedFVMNW91b/AJFS5KtO55ZbszALsyK0SwtyqrMHI67eg/GpfE2l/wBmayIbaykt7do1MeJvMEo/v5BPX07eg6VlyTiEmEbAwHevYi1UipLqefrF2NiLxTLYynBJ49awb3VJb+5eSQkhj0zVZ4XlBf5QBT7Kwub24ENpBLPJ12xoWOPXiqjThHVFSqSmrM9S+Duk6ndW+v3MNo0lvJZyW8bnGGmKkqoz36fmPWvOEa4sJ2Dh4mVirAjoR2r6O+GOi2Ol+DrSDUY5WuVmNyF2t8jkD+7weg69xXH+JPAUuoancyQwMUllZg23aSSc9DzSnK2tio0W7p6HmttdRSE+eRg9zVuG1jLiWMqqg48xnAUfjWfPpkmn6rNZzwyfuskowIJ9B+taNrZPcQssynzlOFDDCoO3H9KnQzcGmXsRrIkkl7AY84ON38yBn8M16XHrUWjaLDbCPEc0IYSgcNx0z/nrXlgS4s7rykRTPwFlcZ69wOgA9K6KLxCkGi/2fq0Mtzbb1xKTlgxyePYDHFQ0uhtSdtGatvZy26x6ip8yS4bbEsgKgc8k+lSahocOoqkk8R2uAS0TBwCR7dPrWvZmy1e1ilQwzBVG0YGU9sdq0Akdtav50u2ND3NRZnRojmdO8JafC5ckyY6bsED8MVFrkMNkubOyRpf76oOK1J/EFioAhbALbDx901Q8U4i0ZZ4bn5ywOB3o6hzLoVdLtxHH51zLvkfrk9K10ltgCd65+teapqk2CJLkqvcEc0y616CIBYDJI4HPGP50+R3DmR2d/c2wnDrKQSMcUV5Zca3fzNtDMqg5A9qK09iyPbLsZkIZ2A6heetdzF4mtruaxE9oJ5Y0VZGfgAjoASTx/jXDRXAjjKY685qezu/Ku0dJJI+cFkbBx3waqvRVRa9Dnp1HB6HsF9Cl1pqi1jY6hBC3kl35G/K8EADpxyK8wu9IMD3bzFg8DKHRuCCTyOa7Kz1ZRbrBChidsriQ87QBg5/OtxktL29e3nt03XFsPNmKZLZHv+GPwryaFaWGvFrRnZVoqr70Wch4L8GTeJrtm3vDYQnEshHU/wB1ff8AlX0D4f8ACum6ZarbWllFDCMbsKCXI7sT1rF8PWEGm6bDZ2gZbaIY+b7xPqeOSc+1bV3rTaZDEYlDk9QeMV7CfU5adNtpLc663tY0QKFXFSyQx7DuChcc5rnrDxPazhI5H8mYkDZJxnNWNWlubq2VLWVFOcsHONwq7ofspKSjLQ57X4NC1m/jtLm2VmTIiucDKt/dB/zmuXv/AAvZx30czAfLyMcBvf61f16K4hDLcQuAThJFwFyfTB9qv2t1Hqel20s6uC3D5xkMDgn9DWT1Z01aKhBSjscVqGj2hkkkEe35eCa5+bTvtEEkZR9iyDDEcdOlexz3FtDELcRRmMDBJAxXmWvX7R3rDzI5YQdrRp1x2OPUf0rGUb6XM1F72MW104RXe6yvUIiBJRX/AB/w/AVqTTONJfz2eZdwOQ/IxnP864+e5kspmbKo5+7IhPI/HrVmTU5mtIkBGWR2Yjoc8f8Asv61XIwSibyJFJG8cLgGRAQ57n1/PP51zmoQ6xaQPM063Cp/C2cgVb095j5ax8hFBUE9eTn+hrfa0juBvkUGOUAkEcrx61OsWWoprQ88g1lJZsXVsoOeSP8ACtqOw0+cecsm5SoBXODWVrWjPYXjMFBjY/KexqPSXeG5TIbyW4IJ6Vs0mrxMlJp2kM1O2+zXO2N/NiPKEdvaitbU7VWdTGG55ywzmimnoTKOpxKxOxAUZJ7ClWJw5yMFeoNa2kiOK9jkf7in5q0tZSwZjLEmdwzkHo3+FN1Hz8thexXsvaX1vsULPVnS8RrwvLGDn73Nei6b4kW8tLOwgjjtgxZpUBDNgdME8+n5V5TID1yCBWv4YuDB4gtGMhZGJTBPTIIH61lVw1ObUmtiYVZR07nvtnMC4fknI9MfgKra/dM0drAGIyS/POO2cd6isJPMjALA+o6VoT2UeoQtFKGww6jAI78U9bHRSajNNnOJdy3J3CNpy+fkx2rstEW6srdhdTDnG2MNuEftmqljpkGnQBbeLaccnuasFjGoBzxx1oWhtVq865Y7GzcywzQuswRkYfMG5Uj/AA4rjp9T0nSrlLCwdWlncHZGzOq5Izz2+ntVjWGkvNLuLaNijspw2T19/avOtIme71+2VlwY2aRz6YH+P86HIdCjF05Nvbodpfy3BmcrkIRjIbrWV/Z9p9qWZ9zE8N9D61a03XNNv7qe3jf9+rsCjnrjuPanymyhMlxcnakfA3dD9PWsnuEKkXE4HxZpL6ddgRgTQy/MuOCPr71jo8+yONYJOVxwM4612V5q9nqUp3xb44zwp7VDZa7ZvqMdtFbogJxnFVGrfRHO463HWekSvBA27y8r9Dmt86dP9jVUjJOMHA7+tdFZWEc0QcoDVyRY40CLxQoyeonUSOIl0VJoBHeLvUchQOQaxbuz03Tzue2l25xwK9JEEZfLYINWjottcphkVgfUVcIXM51LanA6ZZadq0AdEZAvaiu7i0GC1yI0Cg+gopukCqnzCtyY2Ow5pTK8q4Zjj0qMxqOlNBreyMLskjibcp4INXJFngkQqBlSCNowQarWxw5XGc/pU13M63BXOQO1S9WB7L4V1WHVrGGcFRMBslXHKt/9ftXcW80WwYIzXzr4a1a6sNYtzA+N7rG4PRlJ7/TtXtVvdyOiONqjHIx71m9HY3i7q51yNGV7Cq10qFSQelZcV6+4rjtTLm8dIyB/Oi40VZnAmKgkkjjNcpq09hoEkl7gma6GwIoAx6n9BWtq9+9hp8t6q7jGdoQsQDn1NeU31/cX+tmW6kMhcAYPRR6D2qbXKlUcVoS2k6R60Lm3dlUn7r9vauqvtWhuoNkm3djjBrjJ4lEvy8U0FiwG5uPeqaujmi7SNmzZgzqD171HZ2w/tuPY/wA6sDVfTpGFwVzkVq2sCxajHKv3iwrli+Rs9KFGVVJroez6aQtgh77axb69YXJC9B1qzZ3T/YAMdqw5Z2e4cmujncdjknDWzFm19bWZQzcE85rsdKvBcQKwPBFeNeKJGEykHFei+CpnfTYdxz8orWBjU0R2Eh6UU1zRWjM0f//Z, lastname=test3, email3=test5@test.com, email2=t@t.com, phone=+79110001122, name=test3, nickname=test4, workPhone=123456, id=79, email=test@test.com}
23:42:15.320 [Test worker] DEBUG org.hibernate.resource.jdbc.internal.LogicalConnectionManagedImpl - Initiating JDBC connection release from afterTransaction
23:42:15.321 [Test worker] DEBUG org.hibernate.resource.jdbc.internal.LogicalConnectionManagedImpl - Initiating JDBC connection release from afterTransaction
23:42:42.496 [Test worker] DEBUG org.hibernate.engine.transaction.internal.TransactionImpl - On TransactionImpl creation, JpaCompliance#isJpaTransactionComplianceEnabled == false
23:42:42.497 [Test worker] DEBUG org.hibernate.engine.transaction.internal.TransactionImpl - begin
23:42:42.499 [Test worker] DEBUG org.hibernate.SQL - select contactdat0_.id as id1_1_, contactdat0_.address as address2_1_, contactdat0_.email as email3_1_, contactdat0_.email2 as email4_1_, contactdat0_.email3 as email5_1_, contactdat0_.home as home6_1_, contactdat0_.lastname as lastname7_1_, contactdat0_.middlename as middlena8_1_, contactdat0_.firstname as firstnam9_1_, contactdat0_.nickname as nicknam10_1_, contactdat0_.mobile as mobile11_1_, contactdat0_.photo as photo12_1_, contactdat0_.work as work13_1_ from addressbook contactdat0_ where deprecated=0-0-0
Hibernate: select contactdat0_.id as id1_1_, contactdat0_.address as address2_1_, contactdat0_.email as email3_1_, contactdat0_.email2 as email4_1_, contactdat0_.email3 as email5_1_, contactdat0_.home as home6_1_, contactdat0_.lastname as lastname7_1_, contactdat0_.middlename as middlena8_1_, contactdat0_.firstname as firstnam9_1_, contactdat0_.nickname as nicknam10_1_, contactdat0_.mobile as mobile11_1_, contactdat0_.photo as photo12_1_, contactdat0_.work as work13_1_ from addressbook contactdat0_ where deprecated=0-0-0
23:42:42.504 [Test worker] DEBUG org.hibernate.engine.transaction.internal.TransactionImpl - committing
23:42:42.505 [Test worker] DEBUG org.hibernate.resource.jdbc.internal.LogicalConnectionManagedImpl - Initiating JDBC connection release from afterTransaction
23:42:42.506 [Test worker] DEBUG org.hibernate.resource.jdbc.internal.LogicalConnectionManagedImpl - Initiating JDBC connection release from afterTransaction
]]></system-out>
  <system-err><![CDATA[]]></system-err>
</testsuite>
